"x86_64-linux-gnu-gcc -o conftest -I/usr/include/x86_64-linux-gnu/ruby-3.0.0 -I/usr/include/ruby-3.0.0/ruby/backward -I/usr/include/ruby-3.0.0 -I. -Wdate-time -D_FORTIFY_SOURCE=2   -g -O2 -ffile-prefix-map=/build/ruby3.0-RodkHa/ruby3.0-3.0.2=. -fstack-protector-strong -Wformat -Werror=format-security -fPIC conftest.c  -L. -L/usr/lib/x86_64-linux-gnu -L. -Wl,-Bsymbolic-functions -Wl,-z,relro -Wl,-z,now -fstack-protector-strong -rdynamic -Wl,-export-dynamic     -lruby-3.0  -lm   -lc"
checked program was:
/* begin */
1: #include "ruby.h"
2: 
3: int main(int argc, char **argv)
4: {
5:   return !!argv[argc];
6: }
/* end */

"x86_64-linux-gnu-gcc -I/usr/include/x86_64-linux-gnu/ruby-3.0.0 -I/usr/include/ruby-3.0.0/ruby/backward -I/usr/include/ruby-3.0.0 -I. -Wdate-time -D_FORTIFY_SOURCE=2   -g -O2 -ffile-prefix-map=/build/ruby3.0-RodkHa/ruby3.0-3.0.2=. -fstack-protector-strong -Wformat -Werror=format-security -fPIC   -c conftest.c"
conftest.c:5:3: error: #error 
    5 | # error
      |   ^~~~~
conftest.c:6:1: error: expected identifier or ‘(’ before ‘|’ token
    6 | |:/ === _WIN32 undefined === /:|
      | ^
checked program was:
/* begin */
1: #include "ruby.h"
2: 
3: /*top*/
4: #ifndef _WIN32
5: # error
6: |:/ === _WIN32 undefined === /:|
7: #endif
/* end */

have_header: checking for termios.h... -------------------- yes

"x86_64-linux-gnu-gcc -E -I/usr/include/x86_64-linux-gnu/ruby-3.0.0 -I/usr/include/ruby-3.0.0/ruby/backward -I/usr/include/ruby-3.0.0 -I. -Wdate-time -D_FORTIFY_SOURCE=2   -g -O2 -ffile-prefix-map=/build/ruby3.0-RodkHa/ruby3.0-3.0.2=. -fstack-protector-strong -Wformat -Werror=format-security -fPIC  conftest.c -o conftest.i"
checked program was:
/* begin */
1: #include "ruby.h"
2: 
3: #include <termios.h>
/* end */

--------------------

have_func: checking for cfmakeraw() in termios.h... -------------------- yes

"x86_64-linux-gnu-gcc -o conftest -I/usr/include/x86_64-linux-gnu/ruby-3.0.0 -I/usr/include/ruby-3.0.0/ruby/backward -I/usr/include/ruby-3.0.0 -I. -Wdate-time -D_FORTIFY_SOURCE=2   -g -O2 -ffile-prefix-map=/build/ruby3.0-RodkHa/ruby3.0-3.0.2=. -fstack-protector-strong -Wformat -Werror=format-security -fPIC conftest.c  -L. -L/usr/lib/x86_64-linux-gnu -L. -Wl,-Bsymbolic-functions -Wl,-z,relro -Wl,-z,now -fstack-protector-strong -rdynamic -Wl,-export-dynamic     -lruby-3.0  -lm   -lc"
checked program was:
/* begin */
 1: #include "ruby.h"
 2: 
 3: #include <termios.h>
 4: 
 5: /*top*/
 6: extern int t(void);
 7: int main(int argc, char **argv)
 8: {
 9:   if (argc > 1000000) {
10:     int (* volatile tp)(void)=(int (*)(void))&t;
11:     printf("%d", (*tp)());
12:   }
13: 
14:   return !!argv[argc];
15: }
16: int t(void) { void ((*volatile p)()); p = (void ((*)()))cfmakeraw; return !p; }
/* end */

--------------------

have_header: checking for sys/ioctl.h... -------------------- yes

"x86_64-linux-gnu-gcc -E -I/usr/include/x86_64-linux-gnu/ruby-3.0.0 -I/usr/include/ruby-3.0.0/ruby/backward -I/usr/include/ruby-3.0.0 -I. -Wdate-time -D_FORTIFY_SOURCE=2   -g -O2 -ffile-prefix-map=/build/ruby3.0-RodkHa/ruby3.0-3.0.2=. -fstack-protector-strong -Wformat -Werror=format-security -fPIC  conftest.c -o conftest.i"
checked program was:
/* begin */
1: #include "ruby.h"
2: 
3: #include <sys/ioctl.h>
/* end */

--------------------

have_macro: checking for HAVE_RUBY_FIBER_SCHEDULER_H... -------------------- no

"x86_64-linux-gnu-gcc -I/usr/include/x86_64-linux-gnu/ruby-3.0.0 -I/usr/include/ruby-3.0.0/ruby/backward -I/usr/include/ruby-3.0.0 -I. -Wdate-time -D_FORTIFY_SOURCE=2   -g -O2 -ffile-prefix-map=/build/ruby3.0-RodkHa/ruby3.0-3.0.2=. -fstack-protector-strong -Wformat -Werror=format-security -fPIC   -c conftest.c"
conftest.c:5:3: error: #error 
    5 | # error
      |   ^~~~~
conftest.c:6:1: error: expected identifier or ‘(’ before ‘|’ token
    6 | |:/ === HAVE_RUBY_FIBER_SCHEDULER_H undefined === /:|
      | ^
checked program was:
/* begin */
1: #include "ruby.h"
2: 
3: /*top*/
4: #ifndef HAVE_RUBY_FIBER_SCHEDULER_H
5: # error
6: |:/ === HAVE_RUBY_FIBER_SCHEDULER_H undefined === /:|
7: #endif
/* end */

--------------------

have_func: checking for rb_scheduler_timeout()... -------------------- no

"x86_64-linux-gnu-gcc -o conftest -I/usr/include/x86_64-linux-gnu/ruby-3.0.0 -I/usr/include/ruby-3.0.0/ruby/backward -I/usr/include/ruby-3.0.0 -I. -Wdate-time -D_FORTIFY_SOURCE=2   -g -O2 -ffile-prefix-map=/build/ruby3.0-RodkHa/ruby3.0-3.0.2=. -fstack-protector-strong -Wformat -Werror=format-security -fPIC conftest.c  -L. -L/usr/lib/x86_64-linux-gnu -L. -Wl,-Bsymbolic-functions -Wl,-z,relro -Wl,-z,now -fstack-protector-strong -rdynamic -Wl,-export-dynamic     -lruby-3.0  -lm   -lc"
conftest.c: In function ‘t’:
conftest.c:14:57: error: ‘rb_scheduler_timeout’ undeclared (first use in this function)
   14 | int t(void) { void ((*volatile p)()); p = (void ((*)()))rb_scheduler_timeout; return !p; }
      |                                                         ^~~~~~~~~~~~~~~~~~~~
conftest.c:14:57: note: each undeclared identifier is reported only once for each function it appears in
checked program was:
/* begin */
 1: #include "ruby.h"
 2: 
 3: /*top*/
 4: extern int t(void);
 5: int main(int argc, char **argv)
 6: {
 7:   if (argc > 1000000) {
 8:     int (* volatile tp)(void)=(int (*)(void))&t;
 9:     printf("%d", (*tp)());
10:   }
11: 
12:   return !!argv[argc];
13: }
14: int t(void) { void ((*volatile p)()); p = (void ((*)()))rb_scheduler_timeout; return !p; }
/* end */

"x86_64-linux-gnu-gcc -o conftest -I/usr/include/x86_64-linux-gnu/ruby-3.0.0 -I/usr/include/ruby-3.0.0/ruby/backward -I/usr/include/ruby-3.0.0 -I. -Wdate-time -D_FORTIFY_SOURCE=2   -g -O2 -ffile-prefix-map=/build/ruby3.0-RodkHa/ruby3.0-3.0.2=. -fstack-protector-strong -Wformat -Werror=format-security -fPIC conftest.c  -L. -L/usr/lib/x86_64-linux-gnu -L. -Wl,-Bsymbolic-functions -Wl,-z,relro -Wl,-z,now -fstack-protector-strong -rdynamic -Wl,-export-dynamic     -lruby-3.0  -lm   -lc"
/usr/bin/ld: /tmp/ccYmc7Z3.o: na função "t":
/home/lucasspanholo/DevHiringChallenge/dev-hiring-challenge/vendor/bundle/ruby/3.0.0/gems/io-console-0.5.11/ext/io/console/conftest.c:15: referência não definida para "rb_scheduler_timeout"
collect2: error: ld returned 1 exit status
checked program was:
/* begin */
 1: #include "ruby.h"
 2: 
 3: /*top*/
 4: extern int t(void);
 5: int main(int argc, char **argv)
 6: {
 7:   if (argc > 1000000) {
 8:     int (* volatile tp)(void)=(int (*)(void))&t;
 9:     printf("%d", (*tp)());
10:   }
11: 
12:   return !!argv[argc];
13: }
14: extern void rb_scheduler_timeout();
15: int t(void) { rb_scheduler_timeout(); return 0; }
/* end */

--------------------

